<?xml version="1.0" encoding="UTF-8"?>
<!-- Generated by org.testng.reporters.JUnitReportReporter -->
<testsuite hostname="Aftabs-MacBook-Air.local" failures="0" tests="1" name="testCases.TC002_LoginTest" time="11.481" errors="0" timestamp="2025-05-10T15:08:48 IST" skipped="0">
  <testcase classname="testCases.TC002_LoginTest" name="verify_login" time="11.481"/>
</testsuite> <!-- testCases.TC002_LoginTest -->
